<?xml version="1.0" encoding="UTF-8"?>
<coverage generated="1739281261500" clover="3.2.0">
  <project timestamp="1739281261500" name="All files">
    <metrics statements="99" coveredstatements="93" conditionals="47" coveredconditionals="42" methods="40" coveredmethods="37" elements="186" coveredelements="172" complexity="0" loc="99" ncloc="99" packages="9" files="16" classes="16"/>
    <package name="src">
      <metrics statements="3" coveredstatements="1" conditionals="0" coveredconditionals="0" methods="1" coveredmethods="1"/>
      <file name="App.tsx" path="/Users/pentra/Desktop/Training/intenseye-case-study/src/App.tsx">
        <metrics statements="1" coveredstatements="1" conditionals="0" coveredconditionals="0" methods="1" coveredmethods="1"/>
        <line num="12" count="1" type="stmt"/>
      </file>
      <file name="main.tsx" path="/Users/pentra/Desktop/Training/intenseye-case-study/src/main.tsx">
        <metrics statements="2" coveredstatements="0" conditionals="0" coveredconditionals="0" methods="0" coveredmethods="0"/>
        <line num="6" count="0" type="stmt"/>
        <line num="8" count="0" type="stmt"/>
      </file>
    </package>
    <package name="src.components.Loader">
      <metrics statements="2" coveredstatements="2" conditionals="0" coveredconditionals="0" methods="1" coveredmethods="1"/>
      <file name="Loader.tsx" path="/Users/pentra/Desktop/Training/intenseye-case-study/src/components/Loader/Loader.tsx">
        <metrics statements="2" coveredstatements="2" conditionals="0" coveredconditionals="0" methods="1" coveredmethods="1"/>
        <line num="18" count="3" type="stmt"/>
        <line num="19" count="1" type="stmt"/>
      </file>
    </package>
    <package name="src.components.SearchInput">
      <metrics statements="3" coveredstatements="3" conditionals="0" coveredconditionals="0" methods="2" coveredmethods="2"/>
      <file name="SearchInput.tsx" path="/Users/pentra/Desktop/Training/intenseye-case-study/src/components/SearchInput/SearchInput.tsx">
        <metrics statements="3" coveredstatements="3" conditionals="0" coveredconditionals="0" methods="2" coveredmethods="2"/>
        <line num="16" count="3" type="stmt"/>
        <line num="17" count="18" type="stmt"/>
        <line num="25" count="1" type="stmt"/>
      </file>
    </package>
    <package name="src.components.Table">
      <metrics statements="46" coveredstatements="44" conditionals="34" coveredconditionals="31" methods="21" coveredmethods="19"/>
      <file name="LanguageFilter.tsx" path="/Users/pentra/Desktop/Training/intenseye-case-study/src/components/Table/LanguageFilter.tsx">
        <metrics statements="4" coveredstatements="4" conditionals="0" coveredconditionals="0" methods="3" coveredmethods="3"/>
        <line num="17" count="3" type="stmt"/>
        <line num="18" count="18" type="stmt"/>
        <line num="21" count="54" type="stmt"/>
        <line num="35" count="1" type="stmt"/>
      </file>
      <file name="Pagination.tsx" path="/Users/pentra/Desktop/Training/intenseye-case-study/src/components/Table/Pagination.tsx">
        <metrics statements="24" coveredstatements="22" conditionals="22" coveredconditionals="19" methods="11" coveredmethods="9"/>
        <line num="20" count="3" type="stmt"/>
        <line num="28" count="22" type="cond" truecount="2" falsecount="0"/>
        <line num="30" count="21" type="stmt"/>
        <line num="31" count="21" type="stmt"/>
        <line num="33" count="21" type="stmt"/>
        <line num="34" count="90" type="cond" truecount="1" falsecount="1"/>
        <line num="37" count="21" type="stmt"/>
        <line num="39" count="21" type="cond" truecount="2" falsecount="0"/>
        <line num="41" count="21" type="stmt"/>
        <line num="42" count="48" type="stmt"/>
        <line num="45" count="21" type="cond" truecount="2" falsecount="0"/>
        <line num="47" count="21" type="stmt"/>
        <line num="49" count="21" type="stmt"/>
        <line num="52" count="21" type="stmt"/>
        <line num="53" count="2" type="cond" truecount="2" falsecount="0"/>
        <line num="54" count="2" type="stmt"/>
        <line num="57" count="21" type="stmt"/>
        <line num="63" count="1" type="stmt"/>
        <line num="68" count="109" type="cond" truecount="2" falsecount="0"/>
        <line num="73" count="2" type="cond" truecount="2" falsecount="0"/>
        <line num="74" count="0" type="cond" truecount="0" falsecount="2"/>
        <line num="75" count="0" type="stmt"/>
        <line num="84" count="1" type="stmt"/>
        <line num="94" count="1" type="stmt"/>
      </file>
      <file name="Sorter.tsx" path="/Users/pentra/Desktop/Training/intenseye-case-study/src/components/Table/Sorter.tsx">
        <metrics statements="3" coveredstatements="3" conditionals="4" coveredconditionals="4" methods="1" coveredmethods="1"/>
        <line num="15" count="3" type="stmt"/>
        <line num="16" count="60" type="cond" truecount="2" falsecount="0"/>
        <line num="18" count="16" type="stmt"/>
      </file>
      <file name="TableBody.tsx" path="/Users/pentra/Desktop/Training/intenseye-case-study/src/components/Table/TableBody.tsx">
        <metrics statements="10" coveredstatements="10" conditionals="8" coveredconditionals="8" methods="2" coveredmethods="2"/>
        <line num="17" count="3" type="stmt"/>
        <line num="18" count="19" type="cond" truecount="2" falsecount="0"/>
        <line num="19" count="1" type="stmt"/>
        <line num="28" count="18" type="cond" truecount="2" falsecount="0"/>
        <line num="29" count="2" type="cond" truecount="2" falsecount="0"/>
        <line num="30" count="2" type="stmt"/>
        <line num="39" count="16" type="cond" truecount="2" falsecount="0"/>
        <line num="40" count="15" type="stmt"/>
        <line num="49" count="1" type="stmt"/>
        <line num="52" count="2" type="stmt"/>
      </file>
      <file name="TableHeader.tsx" path="/Users/pentra/Desktop/Training/intenseye-case-study/src/components/Table/TableHeader.tsx">
        <metrics statements="5" coveredstatements="5" conditionals="0" coveredconditionals="0" methods="4" coveredmethods="4"/>
        <line num="17" count="3" type="stmt"/>
        <line num="18" count="20" type="stmt"/>
        <line num="24" count="7" type="stmt"/>
        <line num="27" count="4" type="stmt"/>
        <line num="30" count="4" type="stmt"/>
      </file>
    </package>
    <package name="src.helpers">
      <metrics statements="4" coveredstatements="4" conditionals="0" coveredconditionals="0" methods="0" coveredmethods="0"/>
      <file name="constant.ts" path="/Users/pentra/Desktop/Training/intenseye-case-study/src/helpers/constant.ts">
        <metrics statements="4" coveredstatements="4" conditionals="0" coveredconditionals="0" methods="0" coveredmethods="0"/>
        <line num="1" count="5" type="stmt"/>
        <line num="124" count="5" type="stmt"/>
        <line num="126" count="5" type="stmt"/>
        <line num="128" count="5" type="stmt"/>
      </file>
    </package>
    <package name="src.hooks">
      <metrics statements="15" coveredstatements="15" conditionals="3" coveredconditionals="3" methods="7" coveredmethods="7"/>
      <file name="UseDebounce.tsx" path="/Users/pentra/Desktop/Training/intenseye-case-study/src/hooks/UseDebounce.tsx">
        <metrics statements="5" coveredstatements="5" conditionals="1" coveredconditionals="1" methods="4" coveredmethods="4"/>
        <line num="4" count="26" type="stmt"/>
        <line num="6" count="26" type="stmt"/>
        <line num="7" count="13" type="stmt"/>
        <line num="9" count="13" type="stmt"/>
        <line num="12" count="26" type="stmt"/>
      </file>
      <file name="UseLocalStorage.tsx" path="/Users/pentra/Desktop/Training/intenseye-case-study/src/hooks/UseLocalStorage.tsx">
        <metrics statements="7" coveredstatements="7" conditionals="2" coveredconditionals="2" methods="2" coveredmethods="2"/>
        <line num="5" count="14" type="stmt"/>
        <line num="6" count="14" type="cond" truecount="2" falsecount="0"/>
        <line num="8" count="14" type="stmt"/>
        <line num="11" count="14" type="stmt"/>
        <line num="12" count="7" type="stmt"/>
        <line num="13" count="7" type="stmt"/>
        <line num="16" count="14" type="stmt"/>
      </file>
      <file name="renderWithQueryClientProvider.tsx" path="/Users/pentra/Desktop/Training/intenseye-case-study/src/hooks/renderWithQueryClientProvider.tsx">
        <metrics statements="3" coveredstatements="3" conditionals="0" coveredconditionals="0" methods="1" coveredmethods="1"/>
        <line num="6" count="3" type="stmt"/>
        <line num="7" count="11" type="stmt"/>
        <line num="8" count="11" type="stmt"/>
      </file>
    </package>
    <package name="src.pages.Dashboard">
      <metrics statements="18" coveredstatements="16" conditionals="10" coveredconditionals="8" methods="5" coveredmethods="4"/>
      <file name="Dashboard.tsx" path="/Users/pentra/Desktop/Training/intenseye-case-study/src/pages/Dashboard/Dashboard.tsx">
        <metrics statements="18" coveredstatements="16" conditionals="10" coveredconditionals="8" methods="5" coveredmethods="4"/>
        <line num="20" count="2" type="stmt"/>
        <line num="25" count="14" type="stmt"/>
        <line num="28" count="14" type="stmt"/>
        <line num="29" count="14" type="stmt"/>
        <line num="30" count="14" type="stmt"/>
        <line num="31" count="14" type="stmt"/>
        <line num="37" count="14" type="stmt"/>
        <line num="44" count="14" type="stmt"/>
        <line num="45" count="3" type="stmt"/>
        <line num="46" count="3" type="cond" truecount="2" falsecount="0"/>
        <line num="47" count="2" type="cond" truecount="1" falsecount="1"/>
        <line num="48" count="0" type="stmt"/>
        <line num="55" count="14" type="stmt"/>
        <line num="57" count="0" type="stmt"/>
        <line num="65" count="14" type="cond" truecount="1" falsecount="1"/>
        <line num="70" count="14" type="stmt"/>
        <line num="71" count="7" type="stmt"/>
        <line num="74" count="14" type="stmt"/>
      </file>
    </package>
    <package name="src.pages.NotFound">
      <metrics statements="5" coveredstatements="5" conditionals="0" coveredconditionals="0" methods="2" coveredmethods="2"/>
      <file name="NotFound.tsx" path="/Users/pentra/Desktop/Training/intenseye-case-study/src/pages/NotFound/NotFound.tsx">
        <metrics statements="5" coveredstatements="5" conditionals="0" coveredconditionals="0" methods="2" coveredmethods="2"/>
        <line num="10" count="2" type="stmt"/>
        <line num="11" count="3" type="stmt"/>
        <line num="13" count="3" type="stmt"/>
        <line num="14" count="1" type="stmt"/>
        <line num="17" count="3" type="stmt"/>
      </file>
    </package>
    <package name="src.services">
      <metrics statements="3" coveredstatements="3" conditionals="0" coveredconditionals="0" methods="1" coveredmethods="1"/>
      <file name="RepositoryService.ts" path="/Users/pentra/Desktop/Training/intenseye-case-study/src/services/RepositoryService.ts">
        <metrics statements="3" coveredstatements="3" conditionals="0" coveredconditionals="0" methods="1" coveredmethods="1"/>
        <line num="12" count="2" type="stmt"/>
        <line num="13" count="2" type="stmt"/>
        <line num="16" count="1" type="stmt"/>
      </file>
    </package>
  </project>
</coverage>
