{"/Users/pentra/Desktop/Training/intenseye-case-study/src/App.tsx": {"path":"/Users/pentra/Desktop/Training/intenseye-case-study/src/App.tsx","statementMap":{"0":{"start":{"line":12,"column":4},"end":{"line":18,"column":null}}},"fnMap":{"0":{"name":"App","decl":{"start":{"line":11,"column":9},"end":{"line":11,"column":15}},"loc":{"start":{"line":11,"column":15},"end":{"line":20,"column":null}}}},"branchMap":{},"s":{"0":1},"f":{"0":1},"b":{}}
,"/Users/pentra/Desktop/Training/intenseye-case-study/src/main.tsx": {"path":"/Users/pentra/Desktop/Training/intenseye-case-study/src/main.tsx","statementMap":{"0":{"start":{"line":6,"column":20},"end":{"line":6,"column":null}},"1":{"start":{"line":8,"column":0},"end":{"line":12,"column":null}}},"fnMap":{},"branchMap":{},"s":{"0":0,"1":0},"f":{},"b":{}}
,"/Users/pentra/Desktop/Training/intenseye-case-study/src/components/Loader/Loader.tsx": {"path":"/Users/pentra/Desktop/Training/intenseye-case-study/src/components/Loader/Loader.tsx","statementMap":{"0":{"start":{"line":18,"column":15},"end":{"line":43,"column":null}},"1":{"start":{"line":19,"column":4},"end":{"line":43,"column":null}}},"fnMap":{"0":{"name":"(anonymous_0)","decl":{"start":{"line":18,"column":15},"end":{"line":18,"column":16}},"loc":{"start":{"line":19,"column":4},"end":{"line":43,"column":null}}}},"branchMap":{},"s":{"0":3,"1":1},"f":{"0":1},"b":{}}
,"/Users/pentra/Desktop/Training/intenseye-case-study/src/components/SearchInput/SearchInput.tsx": {"path":"/Users/pentra/Desktop/Training/intenseye-case-study/src/components/SearchInput/SearchInput.tsx","statementMap":{"0":{"start":{"line":16,"column":20},"end":{"line":28,"column":null}},"1":{"start":{"line":17,"column":4},"end":{"line":26,"column":null}},"2":{"start":{"line":25,"column":33},"end":{"line":25,"column":null}}},"fnMap":{"0":{"name":"(anonymous_0)","decl":{"start":{"line":16,"column":20},"end":{"line":16,"column":21}},"loc":{"start":{"line":16,"column":99},"end":{"line":28,"column":null}}},"1":{"name":"(anonymous_1)","decl":{"start":{"line":25,"column":22},"end":{"line":25,"column":23}},"loc":{"start":{"line":25,"column":33},"end":{"line":25,"column":null}}}},"branchMap":{},"s":{"0":3,"1":18,"2":1},"f":{"0":18,"1":1},"b":{}}
,"/Users/pentra/Desktop/Training/intenseye-case-study/src/components/Table/LanguageFilter.tsx": {"path":"/Users/pentra/Desktop/Training/intenseye-case-study/src/components/Table/LanguageFilter.tsx","statementMap":{"0":{"start":{"line":17,"column":23},"end":{"line":42,"column":null}},"1":{"start":{"line":18,"column":4},"end":{"line":40,"column":null}},"2":{"start":{"line":21,"column":16},"end":{"line":38,"column":null}},"3":{"start":{"line":35,"column":40},"end":{"line":35,"column":null}}},"fnMap":{"0":{"name":"(anonymous_0)","decl":{"start":{"line":17,"column":23},"end":{"line":17,"column":24}},"loc":{"start":{"line":17,"column":119},"end":{"line":42,"column":null}}},"1":{"name":"(anonymous_1)","decl":{"start":{"line":20,"column":27},"end":{"line":20,"column":28}},"loc":{"start":{"line":21,"column":16},"end":{"line":38,"column":null}}},"2":{"name":"(anonymous_2)","decl":{"start":{"line":35,"column":34},"end":{"line":35,"column":40}},"loc":{"start":{"line":35,"column":40},"end":{"line":35,"column":null}}}},"branchMap":{},"s":{"0":3,"1":18,"2":54,"3":1},"f":{"0":18,"1":54,"2":1},"b":{}}
,"/Users/pentra/Desktop/Training/intenseye-case-study/src/components/Table/Pagination.tsx": {"path":"/Users/pentra/Desktop/Training/intenseye-case-study/src/components/Table/Pagination.tsx","statementMap":{"0":{"start":{"line":20,"column":19},"end":{"line":100,"column":null}},"1":{"start":{"line":28,"column":4},"end":{"line":28,"column":null}},"2":{"start":{"line":28,"column":25},"end":{"line":28,"column":null}},"3":{"start":{"line":30,"column":27},"end":{"line":50,"column":null}},"4":{"start":{"line":31,"column":42},"end":{"line":31,"column":null}},"5":{"start":{"line":33,"column":24},"end":{"line":35,"column":null}},"6":{"start":{"line":34,"column":12},"end":{"line":34,"column":null}},"7":{"start":{"line":34,"column":40},"end":{"line":34,"column":null}},"8":{"start":{"line":37,"column":8},"end":{"line":37,"column":null}},"9":{"start":{"line":39,"column":8},"end":{"line":39,"column":null}},"10":{"start":{"line":39,"column":37},"end":{"line":39,"column":null}},"11":{"start":{"line":41,"column":8},"end":{"line":43,"column":null}},"12":{"start":{"line":41,"column":21},"end":{"line":41,"column":55}},"13":{"start":{"line":42,"column":12},"end":{"line":42,"column":null}},"14":{"start":{"line":45,"column":8},"end":{"line":45,"column":null}},"15":{"start":{"line":45,"column":50},"end":{"line":45,"column":null}},"16":{"start":{"line":47,"column":8},"end":{"line":47,"column":null}},"17":{"start":{"line":49,"column":8},"end":{"line":49,"column":null}},"18":{"start":{"line":52,"column":27},"end":{"line":55,"column":null}},"19":{"start":{"line":53,"column":27},"end":{"line":53,"column":null}},"20":{"start":{"line":54,"column":8},"end":{"line":54,"column":null}},"21":{"start":{"line":57,"column":4},"end":{"line":98,"column":null}},"22":{"start":{"line":63,"column":31},"end":{"line":63,"column":null}},"23":{"start":{"line":68,"column":16},"end":{"line":87,"column":null}},"24":{"start":{"line":73,"column":39},"end":{"line":73,"column":null}},"25":{"start":{"line":74,"column":46},"end":{"line":74,"column":null}},"26":{"start":{"line":75,"column":46},"end":{"line":75,"column":null}},"27":{"start":{"line":84,"column":39},"end":{"line":84,"column":null}},"28":{"start":{"line":94,"column":31},"end":{"line":94,"column":null}}},"fnMap":{"0":{"name":"(anonymous_0)","decl":{"start":{"line":20,"column":19},"end":{"line":20,"column":20}},"loc":{"start":{"line":27,"column":49},"end":{"line":100,"column":null}}},"1":{"name":"(anonymous_1)","decl":{"start":{"line":30,"column":27},"end":{"line":30,"column":33}},"loc":{"start":{"line":30,"column":33},"end":{"line":50,"column":null}}},"2":{"name":"(anonymous_2)","decl":{"start":{"line":33,"column":24},"end":{"line":33,"column":25}},"loc":{"start":{"line":33,"column":43},"end":{"line":35,"column":null}}},"3":{"name":"(anonymous_3)","decl":{"start":{"line":52,"column":27},"end":{"line":52,"column":28}},"loc":{"start":{"line":52,"column":59},"end":{"line":55,"column":null}}},"4":{"name":"(anonymous_4)","decl":{"start":{"line":63,"column":25},"end":{"line":63,"column":31}},"loc":{"start":{"line":63,"column":31},"end":{"line":63,"column":null}}},"5":{"name":"(anonymous_5)","decl":{"start":{"line":67,"column":34},"end":{"line":67,"column":35}},"loc":{"start":{"line":68,"column":16},"end":{"line":87,"column":null}}},"6":{"name":"(anonymous_6)","decl":{"start":{"line":73,"column":33},"end":{"line":73,"column":39}},"loc":{"start":{"line":73,"column":39},"end":{"line":73,"column":null}}},"7":{"name":"(anonymous_7)","decl":{"start":{"line":74,"column":38},"end":{"line":74,"column":39}},"loc":{"start":{"line":74,"column":46},"end":{"line":74,"column":null}}},"8":{"name":"(anonymous_8)","decl":{"start":{"line":75,"column":38},"end":{"line":75,"column":39}},"loc":{"start":{"line":75,"column":46},"end":{"line":75,"column":null}}},"9":{"name":"(anonymous_9)","decl":{"start":{"line":84,"column":33},"end":{"line":84,"column":39}},"loc":{"start":{"line":84,"column":39},"end":{"line":84,"column":null}}},"10":{"name":"(anonymous_10)","decl":{"start":{"line":94,"column":25},"end":{"line":94,"column":31}},"loc":{"start":{"line":94,"column":31},"end":{"line":94,"column":null}}}},"branchMap":{"0":{"loc":{"start":{"line":25,"column":4},"end":{"line":25,"column":null}},"type":"default-arg","locations":[{"start":{"line":25,"column":12},"end":{"line":25,"column":null}}]},"1":{"loc":{"start":{"line":26,"column":4},"end":{"line":26,"column":null}},"type":"default-arg","locations":[{"start":{"line":26,"column":15},"end":{"line":26,"column":null}}]},"2":{"loc":{"start":{"line":28,"column":4},"end":{"line":28,"column":null}},"type":"if","locations":[{"start":{"line":28,"column":4},"end":{"line":28,"column":null}},{"start":{},"end":{}}]},"3":{"loc":{"start":{"line":34,"column":12},"end":{"line":34,"column":null}},"type":"if","locations":[{"start":{"line":34,"column":12},"end":{"line":34,"column":null}},{"start":{},"end":{}}]},"4":{"loc":{"start":{"line":39,"column":8},"end":{"line":39,"column":null}},"type":"if","locations":[{"start":{"line":39,"column":8},"end":{"line":39,"column":null}},{"start":{},"end":{}}]},"5":{"loc":{"start":{"line":45,"column":8},"end":{"line":45,"column":null}},"type":"if","locations":[{"start":{"line":45,"column":8},"end":{"line":45,"column":null}},{"start":{},"end":{}}]},"6":{"loc":{"start":{"line":53,"column":27},"end":{"line":53,"column":null}},"type":"cond-expr","locations":[{"start":{"line":53,"column":49},"end":{"line":53,"column":87}},{"start":{"line":53,"column":87},"end":{"line":53,"column":null}}]},"7":{"loc":{"start":{"line":62,"column":26},"end":{"line":62,"column":null}},"type":"binary-expr","locations":[{"start":{"line":62,"column":26},"end":{"line":62,"column":47}},{"start":{"line":62,"column":47},"end":{"line":62,"column":null}}]},"8":{"loc":{"start":{"line":68,"column":16},"end":{"line":87,"column":null}},"type":"cond-expr","locations":[{"start":{"line":69,"column":20},"end":{"line":78,"column":null}},{"start":{"line":80,"column":20},"end":{"line":87,"column":null}}]},"9":{"loc":{"start":{"line":73,"column":54},"end":{"line":73,"column":84}},"type":"cond-expr","locations":[{"start":{"line":73,"column":68},"end":{"line":73,"column":77}},{"start":{"line":73,"column":77},"end":{"line":73,"column":84}}]},"10":{"loc":{"start":{"line":74,"column":74},"end":{"line":74,"column":null}},"type":"cond-expr","locations":[{"start":{"line":74,"column":88},"end":{"line":74,"column":94}},{"start":{"line":74,"column":94},"end":{"line":74,"column":null}}]},"11":{"loc":{"start":{"line":93,"column":26},"end":{"line":93,"column":null}},"type":"binary-expr","locations":[{"start":{"line":93,"column":26},"end":{"line":93,"column":55}},{"start":{"line":93,"column":55},"end":{"line":93,"column":null}}]}},"s":{"0":3,"1":22,"2":1,"3":21,"4":21,"5":21,"6":90,"7":90,"8":21,"9":21,"10":2,"11":21,"12":21,"13":48,"14":21,"15":17,"16":21,"17":21,"18":21,"19":2,"20":2,"21":21,"22":1,"23":109,"24":2,"25":0,"26":0,"27":1,"28":1},"f":{"0":22,"1":21,"2":90,"3":2,"4":1,"5":109,"6":2,"7":0,"8":0,"9":1,"10":1},"b":{"0":[8],"1":[8],"2":[1,21],"3":[90,0],"4":[2,19],"5":[17,4],"6":[1,1],"7":[21,5],"8":[19,90],"9":[1,1],"10":[0,0],"11":[21,20]}}
,"/Users/pentra/Desktop/Training/intenseye-case-study/src/components/Table/Sorter.tsx": {"path":"/Users/pentra/Desktop/Training/intenseye-case-study/src/components/Table/Sorter.tsx","statementMap":{"0":{"start":{"line":15,"column":15},"end":{"line":27,"column":null}},"1":{"start":{"line":16,"column":4},"end":{"line":16,"column":null}},"2":{"start":{"line":16,"column":41},"end":{"line":16,"column":null}},"3":{"start":{"line":18,"column":4},"end":{"line":25,"column":null}}},"fnMap":{"0":{"name":"(anonymous_0)","decl":{"start":{"line":15,"column":15},"end":{"line":15,"column":16}},"loc":{"start":{"line":15,"column":84},"end":{"line":27,"column":null}}}},"branchMap":{"0":{"loc":{"start":{"line":16,"column":4},"end":{"line":16,"column":null}},"type":"if","locations":[{"start":{"line":16,"column":4},"end":{"line":16,"column":null}},{"start":{},"end":{}}]},"1":{"loc":{"start":{"line":20,"column":13},"end":{"line":23,"column":null}},"type":"cond-expr","locations":[{"start":{"line":21,"column":16},"end":{"line":21,"column":null}},{"start":{"line":23,"column":16},"end":{"line":23,"column":null}}]}},"s":{"0":3,"1":60,"2":44,"3":16},"f":{"0":60},"b":{"0":[44,16],"1":[5,11]}}
,"/Users/pentra/Desktop/Training/intenseye-case-study/src/components/Table/TableBody.tsx": {"path":"/Users/pentra/Desktop/Training/intenseye-case-study/src/components/Table/TableBody.tsx","statementMap":{"0":{"start":{"line":17,"column":18},"end":{"line":63,"column":null}},"1":{"start":{"line":18,"column":4},"end":{"line":26,"column":null}},"2":{"start":{"line":19,"column":8},"end":{"line":24,"column":null}},"3":{"start":{"line":28,"column":4},"end":{"line":37,"column":null}},"4":{"start":{"line":29,"column":29},"end":{"line":29,"column":null}},"5":{"start":{"line":30,"column":8},"end":{"line":35,"column":null}},"6":{"start":{"line":39,"column":4},"end":{"line":47,"column":null}},"7":{"start":{"line":40,"column":8},"end":{"line":45,"column":null}},"8":{"start":{"line":49,"column":4},"end":{"line":61,"column":null}},"9":{"start":{"line":52,"column":16},"end":{"line":59,"column":null}}},"fnMap":{"0":{"name":"(anonymous_0)","decl":{"start":{"line":17,"column":18},"end":{"line":17,"column":19}},"loc":{"start":{"line":17,"column":86},"end":{"line":63,"column":null}}},"1":{"name":"(anonymous_1)","decl":{"start":{"line":51,"column":23},"end":{"line":51,"column":24}},"loc":{"start":{"line":52,"column":16},"end":{"line":59,"column":null}}}},"branchMap":{"0":{"loc":{"start":{"line":18,"column":4},"end":{"line":26,"column":null}},"type":"if","locations":[{"start":{"line":18,"column":4},"end":{"line":26,"column":null}},{"start":{},"end":{}}]},"1":{"loc":{"start":{"line":28,"column":4},"end":{"line":37,"column":null}},"type":"if","locations":[{"start":{"line":28,"column":4},"end":{"line":37,"column":null}},{"start":{},"end":{}}]},"2":{"loc":{"start":{"line":29,"column":29},"end":{"line":29,"column":null}},"type":"cond-expr","locations":[{"start":{"line":29,"column":59},"end":{"line":29,"column":92}},{"start":{"line":29,"column":92},"end":{"line":29,"column":null}}]},"3":{"loc":{"start":{"line":39,"column":4},"end":{"line":47,"column":null}},"type":"if","locations":[{"start":{"line":39,"column":4},"end":{"line":47,"column":null}},{"start":{},"end":{}}]}},"s":{"0":3,"1":19,"2":1,"3":18,"4":2,"5":2,"6":16,"7":15,"8":1,"9":2},"f":{"0":19,"1":2},"b":{"0":[1,18],"1":[2,16],"2":[1,1],"3":[15,1]}}
,"/Users/pentra/Desktop/Training/intenseye-case-study/src/components/Table/TableHeader.tsx": {"path":"/Users/pentra/Desktop/Training/intenseye-case-study/src/components/Table/TableHeader.tsx","statementMap":{"0":{"start":{"line":17,"column":20},"end":{"line":36,"column":null}},"1":{"start":{"line":18,"column":4},"end":{"line":34,"column":null}},"2":{"start":{"line":24,"column":104},"end":{"line":24,"column":null}},"3":{"start":{"line":27,"column":104},"end":{"line":27,"column":null}},"4":{"start":{"line":30,"column":106},"end":{"line":30,"column":null}}},"fnMap":{"0":{"name":"(anonymous_0)","decl":{"start":{"line":17,"column":20},"end":{"line":17,"column":21}},"loc":{"start":{"line":17,"column":85},"end":{"line":36,"column":null}}},"1":{"name":"(anonymous_1)","decl":{"start":{"line":24,"column":98},"end":{"line":24,"column":104}},"loc":{"start":{"line":24,"column":104},"end":{"line":24,"column":null}}},"2":{"name":"(anonymous_2)","decl":{"start":{"line":27,"column":98},"end":{"line":27,"column":104}},"loc":{"start":{"line":27,"column":104},"end":{"line":27,"column":null}}},"3":{"name":"(anonymous_3)","decl":{"start":{"line":30,"column":100},"end":{"line":30,"column":106}},"loc":{"start":{"line":30,"column":106},"end":{"line":30,"column":null}}}},"branchMap":{},"s":{"0":3,"1":20,"2":7,"3":4,"4":4},"f":{"0":20,"1":7,"2":4,"3":4},"b":{}}
,"/Users/pentra/Desktop/Training/intenseye-case-study/src/helpers/constant.ts": {"path":"/Users/pentra/Desktop/Training/intenseye-case-study/src/helpers/constant.ts","statementMap":{"0":{"start":{"line":1,"column":29},"end":{"line":122,"column":null}},"1":{"start":{"line":124,"column":25},"end":{"line":124,"column":null}},"2":{"start":{"line":126,"column":30},"end":{"line":126,"column":null}},"3":{"start":{"line":128,"column":27},"end":{"line":130,"column":null}}},"fnMap":{},"branchMap":{},"s":{"0":5,"1":5,"2":5,"3":5},"f":{},"b":{}}
,"/Users/pentra/Desktop/Training/intenseye-case-study/src/hooks/UseDebounce.tsx": {"path":"/Users/pentra/Desktop/Training/intenseye-case-study/src/hooks/UseDebounce.tsx","statementMap":{"0":{"start":{"line":4,"column":48},"end":{"line":4,"column":null}},"1":{"start":{"line":6,"column":4},"end":{"line":10,"column":null}},"2":{"start":{"line":7,"column":24},"end":{"line":7,"column":null}},"3":{"start":{"line":7,"column":41},"end":{"line":7,"column":67}},"4":{"start":{"line":9,"column":8},"end":{"line":9,"column":null}},"5":{"start":{"line":9,"column":21},"end":{"line":9,"column":null}},"6":{"start":{"line":12,"column":4},"end":{"line":12,"column":null}}},"fnMap":{"0":{"name":"useDebounce","decl":{"start":{"line":3,"column":16},"end":{"line":3,"column":31}},"loc":{"start":{"line":3,"column":65},"end":{"line":13,"column":null}}},"1":{"name":"(anonymous_1)","decl":{"start":{"line":6,"column":14},"end":{"line":6,"column":20}},"loc":{"start":{"line":6,"column":20},"end":{"line":10,"column":7}}},"2":{"name":"(anonymous_2)","decl":{"start":{"line":7,"column":35},"end":{"line":7,"column":41}},"loc":{"start":{"line":7,"column":41},"end":{"line":7,"column":67}}},"3":{"name":"(anonymous_3)","decl":{"start":{"line":9,"column":15},"end":{"line":9,"column":21}},"loc":{"start":{"line":9,"column":21},"end":{"line":9,"column":null}}}},"branchMap":{"0":{"loc":{"start":{"line":3,"column":41},"end":{"line":3,"column":65}},"type":"default-arg","locations":[{"start":{"line":3,"column":57},"end":{"line":3,"column":65}}]}},"s":{"0":26,"1":26,"2":13,"3":3,"4":13,"5":13,"6":26},"f":{"0":26,"1":13,"2":3,"3":13},"b":{"0":[3]}}
,"/Users/pentra/Desktop/Training/intenseye-case-study/src/hooks/UseLocalStorage.tsx": {"path":"/Users/pentra/Desktop/Training/intenseye-case-study/src/hooks/UseLocalStorage.tsx","statementMap":{"0":{"start":{"line":5,"column":24},"end":{"line":5,"column":null}},"1":{"start":{"line":6,"column":24},"end":{"line":6,"column":null}},"2":{"start":{"line":8,"column":30},"end":{"line":8,"column":null}},"3":{"start":{"line":11,"column":27},"end":{"line":14,"column":null}},"4":{"start":{"line":12,"column":8},"end":{"line":12,"column":null}},"5":{"start":{"line":13,"column":8},"end":{"line":13,"column":null}},"6":{"start":{"line":16,"column":4},"end":{"line":16,"column":null}}},"fnMap":{"0":{"name":"useLocalStorage","decl":{"start":{"line":3,"column":9},"end":{"line":3,"column":28}},"loc":{"start":{"line":3,"column":58},"end":{"line":17,"column":null}}},"1":{"name":"(anonymous_1)","decl":{"start":{"line":11,"column":27},"end":{"line":11,"column":28}},"loc":{"start":{"line":11,"column":44},"end":{"line":14,"column":null}}}},"branchMap":{"0":{"loc":{"start":{"line":6,"column":24},"end":{"line":6,"column":null}},"type":"cond-expr","locations":[{"start":{"line":6,"column":38},"end":{"line":6,"column":64}},{"start":{"line":6,"column":64},"end":{"line":6,"column":null}}]}},"s":{"0":14,"1":14,"2":14,"3":14,"4":7,"5":7,"6":14},"f":{"0":14,"1":7},"b":{"0":[12,2]}}
,"/Users/pentra/Desktop/Training/intenseye-case-study/src/hooks/renderWithQueryClientProvider.tsx": {"path":"/Users/pentra/Desktop/Training/intenseye-case-study/src/hooks/renderWithQueryClientProvider.tsx","statementMap":{"0":{"start":{"line":6,"column":36},"end":{"line":9,"column":null}},"1":{"start":{"line":7,"column":24},"end":{"line":7,"column":null}},"2":{"start":{"line":8,"column":4},"end":{"line":8,"column":null}}},"fnMap":{"0":{"name":"(anonymous_0)","decl":{"start":{"line":6,"column":36},"end":{"line":6,"column":37}},"loc":{"start":{"line":6,"column":61},"end":{"line":9,"column":null}}}},"branchMap":{},"s":{"0":3,"1":11,"2":11},"f":{"0":11},"b":{}}
,"/Users/pentra/Desktop/Training/intenseye-case-study/src/pages/Dashboard/Dashboard.tsx": {"path":"/Users/pentra/Desktop/Training/intenseye-case-study/src/pages/Dashboard/Dashboard.tsx","statementMap":{"0":{"start":{"line":20,"column":28},"end":{"line":102,"column":null}},"1":{"start":{"line":25,"column":42},"end":{"line":25,"column":null}},"2":{"start":{"line":28,"column":30},"end":{"line":28,"column":null}},"3":{"start":{"line":29,"column":28},"end":{"line":29,"column":null}},"4":{"start":{"line":30,"column":42},"end":{"line":30,"column":null}},"5":{"start":{"line":31,"column":36},"end":{"line":31,"column":null}},"6":{"start":{"line":37,"column":27},"end":{"line":37,"column":null}},"7":{"start":{"line":44,"column":26},"end":{"line":50,"column":null}},"8":{"start":{"line":45,"column":8},"end":{"line":49,"column":null}},"9":{"start":{"line":46,"column":12},"end":{"line":46,"column":null}},"10":{"start":{"line":46,"column":48},"end":{"line":46,"column":null}},"11":{"start":{"line":47,"column":12},"end":{"line":47,"column":null}},"12":{"start":{"line":47,"column":47},"end":{"line":47,"column":null}},"13":{"start":{"line":48,"column":12},"end":{"line":48,"column":null}},"14":{"start":{"line":55,"column":51},"end":{"line":59,"column":null}},"15":{"start":{"line":57,"column":23},"end":{"line":57,"column":null}},"16":{"start":{"line":65,"column":23},"end":{"line":65,"column":null}},"17":{"start":{"line":70,"column":4},"end":{"line":72,"column":null}},"18":{"start":{"line":71,"column":8},"end":{"line":71,"column":null}},"19":{"start":{"line":74,"column":4},"end":{"line":100,"column":null}}},"fnMap":{"0":{"name":"(anonymous_0)","decl":{"start":{"line":20,"column":28},"end":{"line":20,"column":34}},"loc":{"start":{"line":20,"column":34},"end":{"line":102,"column":null}}},"1":{"name":"(anonymous_1)","decl":{"start":{"line":44,"column":38},"end":{"line":44,"column":39}},"loc":{"start":{"line":44,"column":62},"end":{"line":50,"column":7}}},"2":{"name":"(anonymous_2)","decl":{"start":{"line":45,"column":16},"end":{"line":45,"column":29}},"loc":{"start":{"line":45,"column":29},"end":{"line":49,"column":9}}},"3":{"name":"(anonymous_3)","decl":{"start":{"line":57,"column":17},"end":{"line":57,"column":23}},"loc":{"start":{"line":57,"column":23},"end":{"line":57,"column":null}}},"4":{"name":"(anonymous_4)","decl":{"start":{"line":70,"column":14},"end":{"line":70,"column":20}},"loc":{"start":{"line":70,"column":20},"end":{"line":72,"column":7}}}},"branchMap":{"0":{"loc":{"start":{"line":46,"column":12},"end":{"line":46,"column":null}},"type":"if","locations":[{"start":{"line":46,"column":12},"end":{"line":46,"column":null}},{"start":{},"end":{}}]},"1":{"loc":{"start":{"line":47,"column":12},"end":{"line":47,"column":null}},"type":"if","locations":[{"start":{"line":47,"column":12},"end":{"line":47,"column":null}},{"start":{},"end":{}}]},"2":{"loc":{"start":{"line":65,"column":23},"end":{"line":65,"column":null}},"type":"cond-expr","locations":[{"start":{"line":65,"column":43},"end":{"line":65,"column":78}},{"start":{"line":65,"column":78},"end":{"line":65,"column":null}}]},"3":{"loc":{"start":{"line":88,"column":46},"end":{"line":88,"column":71}},"type":"binary-expr","locations":[{"start":{"line":88,"column":46},"end":{"line":88,"column":59}},{"start":{"line":88,"column":59},"end":{"line":88,"column":71}}]},"4":{"loc":{"start":{"line":88,"column":92},"end":{"line":88,"column":111}},"type":"binary-expr","locations":[{"start":{"line":88,"column":92},"end":{"line":88,"column":107}},{"start":{"line":88,"column":107},"end":{"line":88,"column":111}}]}},"s":{"0":2,"1":14,"2":14,"3":14,"4":14,"5":14,"6":14,"7":14,"8":3,"9":3,"10":1,"11":2,"12":2,"13":0,"14":14,"15":0,"16":14,"17":14,"18":7,"19":14},"f":{"0":14,"1":3,"2":3,"3":0,"4":7},"b":{"0":[1,2],"1":[2,0],"2":[14,0],"3":[14,14],"4":[14,2]}}
,"/Users/pentra/Desktop/Training/intenseye-case-study/src/pages/NotFound/NotFound.tsx": {"path":"/Users/pentra/Desktop/Training/intenseye-case-study/src/pages/NotFound/NotFound.tsx","statementMap":{"0":{"start":{"line":10,"column":27},"end":{"line":25,"column":null}},"1":{"start":{"line":11,"column":21},"end":{"line":11,"column":null}},"2":{"start":{"line":13,"column":30},"end":{"line":15,"column":null}},"3":{"start":{"line":14,"column":8},"end":{"line":14,"column":null}},"4":{"start":{"line":17,"column":4},"end":{"line":23,"column":null}}},"fnMap":{"0":{"name":"(anonymous_0)","decl":{"start":{"line":10,"column":27},"end":{"line":10,"column":33}},"loc":{"start":{"line":10,"column":33},"end":{"line":25,"column":null}}},"1":{"name":"(anonymous_1)","decl":{"start":{"line":13,"column":30},"end":{"line":13,"column":36}},"loc":{"start":{"line":13,"column":36},"end":{"line":15,"column":null}}}},"branchMap":{},"s":{"0":2,"1":3,"2":3,"3":1,"4":3},"f":{"0":3,"1":1},"b":{}}
,"/Users/pentra/Desktop/Training/intenseye-case-study/src/services/RepositoryService.ts": {"path":"/Users/pentra/Desktop/Training/intenseye-case-study/src/services/RepositoryService.ts","statementMap":{"0":{"start":{"line":12,"column":33},"end":{"line":17,"column":null}},"1":{"start":{"line":13,"column":21},"end":{"line":15,"column":null}},"2":{"start":{"line":16,"column":4},"end":{"line":16,"column":null}}},"fnMap":{"0":{"name":"(anonymous_0)","decl":{"start":{"line":12,"column":33},"end":{"line":12,"column":40}},"loc":{"start":{"line":12,"column":134},"end":{"line":17,"column":null}}}},"branchMap":{},"s":{"0":2,"1":2,"2":1},"f":{"0":2},"b":{}}
}
